<?xml version="1.0" encoding="UTF-8"?>
<!-- Generated by org.testng.reporters.JUnitReportReporter -->
<testsuite skipped="0" hostname="LAPTOP-I3V0BKGE" name="com.colombia.seleniumtests.EaglePortalLoginTest" tests="1" failures="0" timestamp="05 Jan 2020 15:29:30 GMT" time="5.095" errors="0">
  <testcase name="openSignInPage" time="5.095" classname="com.colombia.seleniumtests.EaglePortalLoginTest"/>
</testsuite> <!-- com.colombia.seleniumtests.EaglePortalLoginTest -->
