<?xml version="1.0" encoding="UTF-8"?>
<!-- Generated by org.testng.reporters.JUnitReportReporter -->
<testsuite skipped="0" hostname="LAPTOP-I3V0BKGE" name="com.colombia.sampletests.Test1" tests="5" failures="0" timestamp="05 Jan 2020 15:12:21 GMT" time="0.018" errors="0">
  <testcase name="test1" time="0.015" classname="com.colombia.sampletests.Test1"/>
  <testcase name="test2" time="0.001" classname="com.colombia.sampletests.Test1"/>
  <testcase name="test3" time="0.000" classname="com.colombia.sampletests.Test1"/>
  <testcase name="test4" time="0.001" classname="com.colombia.sampletests.Test1"/>
  <testcase name="test5" time="0.001" classname="com.colombia.sampletests.Test1"/>
</testsuite> <!-- com.colombia.sampletests.Test1 -->
